<?xml version="1.0" encoding="UTF-8"?>
<testsuite name="com.ERP.invOperativa.InvOperativaApplicationTests" tests="1" skipped="0" failures="0" errors="0" timestamp="2024-07-09T17:49:03" hostname="JUAMPIIGNA" time="0.415">
  <properties/>
  <testcase name="contextLoads()" classname="com.ERP.invOperativa.InvOperativaApplicationTests" time="0.415"/>
  <system-out><![CDATA[14:48:58.877 [Test worker] INFO org.springframework.test.context.support.AnnotationConfigContextLoaderUtils -- Could not detect default configuration classes for test class [com.ERP.invOperativa.InvOperativaApplicationTests]: InvOperativaApplicationTests does not declare any static, non-private, non-final, nested classes annotated with @Configuration.
14:48:58.984 [Test worker] INFO org.springframework.boot.test.context.SpringBootTestContextBootstrapper -- Found @SpringBootConfiguration com.ERP.invOperativa.InvOperativaApplication for test class com.ERP.invOperativa.InvOperativaApplicationTests
  .   ____          _            __ _ _
 /\\ / ___'_ __ _ _(_)_ __  __ _ \ \ \ \
( ( )\___ | '_ | '_| | '_ \/ _` | \ \ \ \
 \\/  ___)| |_)| | | | | || (_| |  ) ) ) )
  '  |____| .__|_| |_|_| |_\__, | / / / /
 =========|_|==============|___/=/_/_/_/

 :: Spring Boot ::                (v3.3.0)

2024-07-09T14:48:59.392-03:00  INFO 15200 --- [    Test worker] c.E.i.InvOperativaApplicationTests       : Starting InvOperativaApplicationTests using Java 17.0.9 with PID 15200 (started by ignac in D:\Documents\Igna\Code\Repositorios\erp-system-prototype)
2024-07-09T14:48:59.393-03:00  INFO 15200 --- [    Test worker] c.E.i.InvOperativaApplicationTests       : No active profile set, falling back to 1 default profile: "default"
2024-07-09T14:49:00.065-03:00  INFO 15200 --- [    Test worker] .s.d.r.c.RepositoryConfigurationDelegate : Bootstrapping Spring Data JPA repositories in DEFAULT mode.
2024-07-09T14:49:00.169-03:00  INFO 15200 --- [    Test worker] .s.d.r.c.RepositoryConfigurationDelegate : Finished Spring Data repository scanning in 96 ms. Found 9 JPA repository interfaces.
2024-07-09T14:49:00.611-03:00  INFO 15200 --- [    Test worker] o.hibernate.jpa.internal.util.LogHelper  : HHH000204: Processing PersistenceUnitInfo [name: default]
2024-07-09T14:49:00.674-03:00  INFO 15200 --- [    Test worker] org.hibernate.Version                    : HHH000412: Hibernate ORM core version 6.5.2.Final
2024-07-09T14:49:00.712-03:00  INFO 15200 --- [    Test worker] o.h.c.internal.RegionFactoryInitiator    : HHH000026: Second-level cache disabled
2024-07-09T14:49:01.036-03:00  INFO 15200 --- [    Test worker] o.s.o.j.p.SpringPersistenceUnitInfo      : No LoadTimeWeaver setup: ignoring JPA class transformer
2024-07-09T14:49:01.063-03:00  INFO 15200 --- [    Test worker] com.zaxxer.hikari.HikariDataSource       : HikariPool-1 - Starting...
2024-07-09T14:49:01.280-03:00  INFO 15200 --- [    Test worker] com.zaxxer.hikari.pool.HikariPool        : HikariPool-1 - Added connection conn0: url=jdbc:h2:file:./data/betodb user=SA
2024-07-09T14:49:01.282-03:00  INFO 15200 --- [    Test worker] com.zaxxer.hikari.HikariDataSource       : HikariPool-1 - Start completed.
2024-07-09T14:49:01.313-03:00  WARN 15200 --- [    Test worker] org.hibernate.orm.deprecation            : HHH90000025: H2Dialect does not need to be specified explicitly using 'hibernate.dialect' (remove the property setting and it will be selected by default)
2024-07-09T14:49:02.366-03:00  INFO 15200 --- [    Test worker] o.h.e.t.j.p.i.JtaPlatformInitiator       : HHH000489: No JTA platform available (set 'hibernate.transaction.jta.platform' to enable JTA platform integration)
2024-07-09T14:49:02.418-03:00  INFO 15200 --- [    Test worker] j.LocalContainerEntityManagerFactoryBean : Initialized JPA EntityManagerFactory for persistence unit 'default'
2024-07-09T14:49:02.731-03:00  INFO 15200 --- [    Test worker] o.s.d.j.r.query.QueryEnhancerFactory     : Hibernate is in classpath; If applicable, HQL parser will be used.
2024-07-09T14:49:03.379-03:00  WARN 15200 --- [    Test worker] JpaBaseConfiguration$JpaWebConfiguration : spring.jpa.open-in-view is enabled by default. Therefore, database queries may be performed during view rendering. Explicitly configure spring.jpa.open-in-view to disable this warning
2024-07-09T14:49:03.732-03:00  INFO 15200 --- [    Test worker] o.s.b.a.h2.H2ConsoleAutoConfiguration    : H2 console available at '/h2-console'. Database available at 'jdbc:h2:file:./data/betodb'
2024-07-09T14:49:03.788-03:00  INFO 15200 --- [    Test worker] c.E.i.InvOperativaApplicationTests       : Started InvOperativaApplicationTests in 4.634 seconds (process running for 5.879)
]]></system-out>
  <system-err><![CDATA[]]></system-err>
</testsuite>
